\BOOKMARK [-1][-]{section*.2}{Contents}{}% 1
\BOOKMARK [0][-]{section*.3}{Short contents}{section*.2}% 2
\BOOKMARK [0][-]{section*.4}{Full contents}{section*.2}% 3
\BOOKMARK [0][-]{section*.5}{Figures}{section*.2}% 4
\BOOKMARK [0][-]{section*.6}{Tables}{section*.2}% 5
\BOOKMARK [-1][-]{part.1}{classes}{}% 6
\BOOKMARK [0][-]{chapter.1}{aesthetic}{part.1}% 7
\BOOKMARK [1][-]{section.1.1}{quick facts}{chapter.1}% 8
\BOOKMARK [1][-]{section.1.2}{class options}{chapter.1}% 9
\BOOKMARK [1][-]{section.1.3}{related/recommended}{chapter.1}% 10
\BOOKMARK [1][-]{section.1.4}{macros}{chapter.1}% 11
\BOOKMARK [1][-]{section.1.5}{known issues}{chapter.1}% 12
\BOOKMARK [1][-]{section.1.6}{possible additions/plans}{chapter.1}% 13
\BOOKMARK [1][-]{section.1.7}{class information}{chapter.1}% 14
\BOOKMARK [0][-]{chapter.2}{notes}{part.1}% 15
\BOOKMARK [1][-]{section.2.1}{quick facts}{chapter.2}% 16
\BOOKMARK [1][-]{section.2.2}{class options}{chapter.2}% 17
\BOOKMARK [1][-]{section.2.3}{related/recommended}{chapter.2}% 18
\BOOKMARK [1][-]{section.2.4}{macros}{chapter.2}% 19
\BOOKMARK [2][-]{subsection.2.4.1}{general}{section.2.4}% 20
\BOOKMARK [2][-]{subsection.2.4.2}{chemistry}{section.2.4}% 21
\BOOKMARK [2][-]{subsection.2.4.3}{computer science}{section.2.4}% 22
\BOOKMARK [2][-]{subsection.2.4.4}{math}{section.2.4}% 23
\BOOKMARK [2][-]{subsection.2.4.5}{linguistics}{section.2.4}% 24
\BOOKMARK [-1][-]{subsection.2.4.5}{Appendices}{}% 25
