This is pdfTeX, Version 3.14159265-2.6-1.40.21 (TeX Live 2020/W32TeX) (preloaded format=pdflatex 2020.11.7)  9 JAN 2021 11:47
entering extended mode
 \write18 enabled.
 file:line:error style messages enabled.
 %&-line parsing enabled.
**main.tex
(./main.tex
LaTeX2e <2020-02-02> patch level 5
L3 programming layer <2020-09-24> (./aesthetic.cls
Document Class: aesthetic 
(c:/texlive/2020/texmf-dist/tex/latex/memoir/memoir.cls
Document Class: memoir 2020/09/10 v3.7m configurable book, report, article docu
ment class
\onelineskip=\skip47
\lxvchars=\skip48
\xlvchars=\skip49
\@memcnta=\count168
\c@@memmarkcntra=\count169
LaTeX Info: Redefining \InputIfFileExists on input line 219.
(c:/texlive/2020/texmf-dist/tex/generic/iftex/iftex.sty
Package: iftex 2020/03/06 v1.0d TeX engine tests
)
\stockheight=\skip50
\stockwidth=\skip51
\trimtop=\skip52
\trimedge=\skip53
LaTeX Font Info:    Trying to load font information for T1+lmr on input line 70
6.

(c:/texlive/2020/texmf-dist/tex/latex/lm/t1lmr.fd
File: t1lmr.fd 2009/10/30 v1.6 Font defs for Latin Modern
)
(c:/texlive/2020/texmf-dist/tex/latex/memoir/mem12.clo
File: mem12.clo 2010/10/19 v0.4b memoir class 12pt size option
)
(c:/texlive/2020/texmf-dist/tex/latex/lm/lmodern.sty
Package: lmodern 2009/10/30 v1.6 Latin Modern Fonts
LaTeX Font Info:    Overwriting symbol font `operators' in version `normal'
(Font)                  OT1/cmr/m/n --> OT1/lmr/m/n on input line 22.
LaTeX Font Info:    Overwriting symbol font `letters' in version `normal'
(Font)                  OML/cmm/m/it --> OML/lmm/m/it on input line 23.
LaTeX Font Info:    Overwriting symbol font `symbols' in version `normal'
(Font)                  OMS/cmsy/m/n --> OMS/lmsy/m/n on input line 24.
LaTeX Font Info:    Overwriting symbol font `largesymbols' in version `normal'
(Font)                  OMX/cmex/m/n --> OMX/lmex/m/n on input line 25.
LaTeX Font Info:    Overwriting symbol font `operators' in version `bold'
(Font)                  OT1/cmr/bx/n --> OT1/lmr/bx/n on input line 26.
LaTeX Font Info:    Overwriting symbol font `letters' in version `bold'
(Font)                  OML/cmm/b/it --> OML/lmm/b/it on input line 27.
LaTeX Font Info:    Overwriting symbol font `symbols' in version `bold'
(Font)                  OMS/cmsy/b/n --> OMS/lmsy/b/n on input line 28.
LaTeX Font Info:    Overwriting symbol font `largesymbols' in version `bold'
(Font)                  OMX/cmex/m/n --> OMX/lmex/m/n on input line 29.
LaTeX Font Info:    Overwriting math alphabet `\mathbf' in version `normal'
(Font)                  OT1/cmr/bx/n --> OT1/lmr/bx/n on input line 31.
LaTeX Font Info:    Overwriting math alphabet `\mathsf' in version `normal'
(Font)                  OT1/cmss/m/n --> OT1/lmss/m/n on input line 32.
LaTeX Font Info:    Overwriting math alphabet `\mathit' in version `normal'
(Font)                  OT1/cmr/m/it --> OT1/lmr/m/it on input line 33.
LaTeX Font Info:    Overwriting math alphabet `\mathtt' in version `normal'
(Font)                  OT1/cmtt/m/n --> OT1/lmtt/m/n on input line 34.
LaTeX Font Info:    Overwriting math alphabet `\mathbf' in version `bold'
(Font)                  OT1/cmr/bx/n --> OT1/lmr/bx/n on input line 35.
LaTeX Font Info:    Overwriting math alphabet `\mathsf' in version `bold'
(Font)                  OT1/cmss/bx/n --> OT1/lmss/bx/n on input line 36.
LaTeX Font Info:    Overwriting math alphabet `\mathit' in version `bold'
(Font)                  OT1/cmr/bx/it --> OT1/lmr/bx/it on input line 37.
LaTeX Font Info:    Overwriting math alphabet `\mathtt' in version `bold'
(Font)                  OT1/cmtt/m/n --> OT1/lmtt/m/n on input line 38.
)
(c:/texlive/2020/texmf-dist/tex/latex/base/fontenc.sty
Package: fontenc 2020/02/11 v2.0o Standard LaTeX package
)
\binding=\skip54
\spinemargin=\skip55
\foremargin=\skip56
\uppermargin=\skip57
\lowermargin=\skip58
\headdrop=\skip59
\normalrulethickness=\skip60
\mem@maxheadheight=\skip61
\mem@maxfootheight=\skip62
\headwidth=\skip63
\c@storedpagenumber=\count170
\memPD=\dimen134
\m@mabparskip=\skip64
\thanksmarkwidth=\skip65
\thanksmarksep=\skip66
\droptitle=\skip67
\c@book=\count171
\c@part=\count172
\c@chapter=\count173
\c@section=\count174
\c@subsection=\count175
\c@subsubsection=\count176
\c@paragraph=\count177
\c@subparagraph=\count178
\beforechapskip=\skip68
\midchapskip=\skip69
\afterchapskip=\skip70
\chapindent=\skip71
\bottomsectionskip=\skip72
\secindent=\skip73
\beforesecskip=\skip74
\aftersecskip=\skip75
\subsecindent=\skip76
\beforesubsecskip=\skip77
\aftersubsecskip=\skip78
\subsubsecindent=\skip79
\beforesubsubsecskip=\skip80
\aftersubsubsecskip=\skip81
\paraindent=\skip82
\beforeparaskip=\skip83
\afterparaskip=\skip84
\subparaindent=\skip85
\beforesubparaskip=\skip86
\aftersubparaskip=\skip87
\pfbreakskip=\skip88
\c@@ppsavesec=\count179
\c@@ppsaveapp=\count180
\ragrparindent=\dimen135
\everylistparindent=\dimen136
\parsepi=\skip89
\topsepi=\skip90
\itemsepi=\skip91
\parsepii=\skip92
\topsepii=\skip93
\topsepiii=\skip94
\itemsepii=\skip95
\itemsepiii=\skip96
\partopsepii=\skip97
\partopsepiii=\skip98
\m@msavetopsep=\skip99
\m@msavepartopsep=\skip100
\@enLab=\toks15
\abstitleskip=\skip101
\absleftindent=\skip102
\abs@leftindent=\dimen137
\absrightindent=\skip103
\absparindent=\skip104
\absparsep=\skip105
\c@vslineno=\count181
\c@poemline=\count182
\c@modulo@vs=\count183
\c@memfvsline=\count184
\vleftskip=\skip106
\vrightskip=\skip107
\stanzaskip=\skip108
\versewidth=\skip109
\vgap=\skip110
\vindent=\skip111
\vleftmargin=\dimen138
\c@verse=\count185
\c@chrsinstr=\count186
\beforepoemtitleskip=\skip112
\afterpoemtitleskip=\skip113
\c@poem=\count187
\beforePoemTitleskip=\skip114
\midPoemTitleskip=\skip115
\afterPoemTitleskip=\skip116

(c:/texlive/2020/texmf-dist/tex/latex/tools/array.sty
Package: array 2019/08/31 v2.4l Tabular extension package (FMi)
\col@sep=\dimen139
\ar@mcellbox=\box45
\extrarowheight=\dimen140
\NC@list=\toks16
\extratabsurround=\skip117
\backup@length=\skip118
\ar@cellbox=\box46
)
(c:/texlive/2020/texmf-dist/tex/latex/tools/dcolumn.sty
Package: dcolumn 2014/10/28 v1.06 decimal alignment package (DPC)
)
(c:/texlive/2020/texmf-dist/tex/latex/tools/delarray.sty
Package: delarray 2014/10/28 v1.01 array delimiter package (DPC)
)
(c:/texlive/2020/texmf-dist/tex/latex/tools/tabularx.sty
Package: tabularx 2020/01/15 v2.11c `tabularx' package (DPC)
\TX@col@width=\dimen141
\TX@old@table=\dimen142
\TX@old@col=\dimen143
\TX@target=\dimen144
\TX@delta=\dimen145
\TX@cols=\count188
\TX@ftn=\toks17
)
\heavyrulewidth=\dimen146
\lightrulewidth=\dimen147
\cmidrulewidth=\dimen148
\belowrulesep=\dimen149
\belowbottomsep=\dimen150
\aboverulesep=\dimen151
\abovetopsep=\dimen152
\cmidrulesep=\dimen153
\cmidrulekern=\dimen154
\defaultaddspace=\dimen155
\@cmidla=\count189
\@cmidlb=\count190
\@aboverulesep=\dimen156
\@belowrulesep=\dimen157
\@thisruleclass=\count191
\@lastruleclass=\count192
\@thisrulewidth=\dimen158
\ctableftskip=\skip119
\ctabrightskip=\skip120
\abovecolumnspenalty=\count193
\@linestogo=\count194
\@cellstogo=\count195
\@cellsincolumn=\count196
\crtok=\toks18
\@mincolumnwidth=\dimen159
\c@newflo@tctr=\count197
\mem@margin@floatbox=\box47
\@contcwidth=\skip121
\@contindw=\skip122
\abovecaptionskip=\skip123
\belowcaptionskip=\skip124
\subfloattopskip=\skip125
\subfloatcapskip=\skip126
\subfloatcaptopadj=\skip127
\subfloatbottomskip=\skip128
\subfloatlabelskip=\skip129
\subfloatcapmargin=\dimen160
\c@@contsubnum=\count198
\m@mscap@capbox=\box48
\m@mscap@fbox=\box49
\sidecapsep=\dimen161
\sidecapwidth=\dimen162
\m@m@tempdima=\dimen163
\m@mscapraise=\dimen164
\sidecapraise=\dimen165
\m@mscapmainwidth=\dimen166
\m@mscaplkern=\dimen167
\beforeepigraphskip=\skip130
\afterepigraphskip=\skip131
\epigraphwidth=\skip132
\epigraphrule=\skip133
LaTeX Info: Redefining \em on input line 7678.
LaTeX Info: Redefining \emph on input line 7686.
\tocentryskip=\skip134
\tocbaseline=\skip135
\cftparskip=\skip136
\cftbeforebookskip=\skip137
\cftbookindent=\dimen168
\cftbooknumwidth=\dimen169
\cftbeforepartskip=\skip138
\cftpartindent=\skip139
\cftpartnumwidth=\skip140
\cftbeforechapterskip=\skip141
\cftchapterindent=\skip142
\cftchapternumwidth=\skip143
\cftbeforesectionskip=\skip144
\cftsectionindent=\skip145
\cftsectionnumwidth=\skip146
\cftbeforesubsectionskip=\skip147
\cftsubsectionindent=\skip148
\cftsubsectionnumwidth=\skip149
\cftbeforesubsubsectionskip=\skip150
\cftsubsubsectionindent=\skip151
\cftsubsubsectionnumwidth=\skip152
\cftbeforeparagraphskip=\skip153
\cftparagraphindent=\skip154
\cftparagraphnumwidth=\skip155
\cftbeforesubparagraphskip=\skip156
\cftsubparagraphindent=\skip157
\cftsubparagraphnumwidth=\skip158
\prechapterprecisshift=\dimen170
\c@maxsecnumdepth=\count199
\bibindent=\dimen171
\bibitemsep=\skip159
\indexcolsep=\skip160
\indexrule=\skip161
\indexmarkstyle=\toks19
\@indexbox=\insert252
\glossarycolsep=\dimen172
\glossaryrule=\dimen173
\sideparvshift=\skip162
\sideins=\insert251
\sidebartopsep=\skip163
\sidebarhsep=\skip164
\sidebarvsep=\skip165
\sidebarwidth=\skip166
\footmarkwidth=\skip167
\footmarksep=\skip168
\footparindent=\skip169
\footinsdim=\skip170
\footinsv@r=\insert250
\@mpfootinsv@r=\insert249
\m@m@k=\count266
\m@m@h=\dimen174
\m@mipn@skip=\skip171
\sidefootins=\insert248
\sidefootadjust=\skip172
\sidefootheight=\skip173
\sidefoothsep=\skip174
\sidefootvsep=\skip175
\sidefootwidth=\skip176
\m@mdownsf=\skip177
\c@sidefootnote=\count267
\sidefootmarkwidth=\skip178
\sidefootmarksep=\skip179
\sidefootparindent=\skip180
\c@pagenote=\count268
\c@pagenoteshadow=\count269
\mem@pn@lastkern=\skip181
\every@verbatim=\toks20
\afterevery@verbatim=\toks21
\verbatim@line=\toks22
\tab@position=\count270
\verbatim@in@stream=\read2
\verbatimindent=\skip182
\verbatim@out=\write3
\bvboxsep=\skip183
\c@memfbvline=\count271
\c@bvlinectr=\count272
\bvnumlength=\skip184
\fb@frw=\dimen175
\fb@frh=\dimen176
\FrameRule=\dimen177
\FrameSep=\dimen178
\c@cp@cntr=\count273
LaTeX Info: Redefining \: on input line 12231.
LaTeX Info: Redefining \! on input line 12231.
\c@ism@mctr=\count274
\c@xsm@mctr=\count275
\c@csm@mctr=\count276
\c@ksm@mctr=\count277
\c@xksm@mctr=\count278
\c@cksm@mctr=\count279
\c@msm@mctr=\count280
\c@xmsm@mctr=\count281
\c@cmsm@mctr=\count282
\c@bsm@mctr=\count283
\c@workm@mctr=\count284
\c@sheetsequence=\count285
\c@lastsheet=\count286
\c@lastpage=\count287

(c:/texlive/2020/texmf-dist/tex/latex/textcase/textcase.sty
Package: textcase 2019/09/14 v1.00 Text only upper/lower case changing (DPC)
)
\c@figure=\count288
\c@lofdepth=\count289
\cftbeforefigureskip=\skip185
\cftfigureindent=\skip186
\cftfigurenumwidth=\skip187
\c@table=\count290
\c@lotdepth=\count291
\cftbeforetableskip=\skip188
\cfttableindent=\skip189
\cfttablenumwidth=\skip190
Package abstract [2008/07/23] emulated by memoir.
Package appendix [2008/07/23] emulated by memoir.
Package booktabs [2016/05/16] emulated by memoir.
Package ccaption [2008/07/23] emulated by memoir.
Package changepage [2008/07/23] emulated by memoir.
Package chngcntr [2008/07/23] emulated by memoir.
Package chngpage [2008/07/23] emulated by memoir.
Package crop emulated by memoir.
Package enumerate [2008/07/23] emulated by memoir.
Package epigraph [2008/07/23] emulated by memoir.
Package ifmtarg [2008/07/23] emulated by memoir.
Package index [2008/07/23] emulated by memoir.
Package makeidx [2008/07/23] emulated by memoir.
Package moreverb [2008/07/23] emulated by memoir.
Package mparhack [2008/07/23] emulated by memoir.
Package needspace [2008/07/23] emulated by memoir.
Package newfile [2008/07/23] emulated by memoir.
Package nextpage [2008/07/23] emulated by memoir.
Package pagenote [2008/07/23] emulated by memoir.
Package parskip [2008/07/23] emulated by memoir.
Package patchcmd [2008/07/23] emulated by memoir.
Package setspace [2008/07/23] emulated by memoir.
Package shortvrb [2008/07/23] emulated by memoir.
Package showidx [2008/07/23] emulated by memoir.
Package titleref [2008/07/23] emulated by memoir.
Package titling [2008/07/23] emulated by memoir.
Package tocbibind [2008/07/23] emulated by memoir.
Package tocloft [2008/07/23] emulated by memoir.
Package tocvsec2 [2008/07/23] emulated by memoir.
Package verbatim [2008/07/23] emulated by memoir.
Package verse [2008/07/23] emulated by memoir.
)
(c:/texlive/2020/texmf-dist/tex/latex/alegreya/Alegreya.sty
Package: Alegreya 2019/10/12 (Bob Tennent) Supports Alegreya and AlegreyaSC fon
ts for all LaTeX engines. 

(c:/texlive/2020/texmf-dist/tex/generic/iftex/ifxetex.sty
Package: ifxetex 2019/10/25 v0.7 ifxetex legacy package. Use iftex instead.
)
(c:/texlive/2020/texmf-dist/tex/generic/iftex/ifluatex.sty
Package: ifluatex 2019/10/25 v1.5 ifluatex legacy package. Use iftex instead.
)
(c:/texlive/2020/texmf-dist/tex/latex/base/textcomp.sty
Package: textcomp 2020/02/02 v2.0n Standard LaTeX package
)
(c:/texlive/2020/texmf-dist/tex/latex/xkeyval/xkeyval.sty
Package: xkeyval 2014/12/03 v2.7a package option processing (HA)

(c:/texlive/2020/texmf-dist/tex/generic/xkeyval/xkeyval.tex
(c:/texlive/2020/texmf-dist/tex/generic/xkeyval/xkvutils.tex
\XKV@toks=\toks23
\XKV@tempa@toks=\toks24

(c:/texlive/2020/texmf-dist/tex/generic/xkeyval/keyval.tex))
\XKV@depth=\count292
File: xkeyval.tex 2014/12/03 v2.7a key=value parser (HA)
))
(c:/texlive/2020/texmf-dist/tex/latex/base/fontenc.sty
Package: fontenc 2020/02/11 v2.0o Standard LaTeX package
)
(c:/texlive/2020/texmf-dist/tex/latex/fontaxes/fontaxes.sty
Package: fontaxes 2020/07/21 v1.0e Font selection axes
LaTeX Info: Redefining \upshape on input line 29.
LaTeX Info: Redefining \itshape on input line 31.
LaTeX Info: Redefining \slshape on input line 33.
LaTeX Info: Redefining \swshape on input line 35.
LaTeX Info: Redefining \scshape on input line 37.
LaTeX Info: Redefining \sscshape on input line 39.
LaTeX Info: Redefining \ulcshape on input line 41.
LaTeX Info: Redefining \textsw on input line 47.
LaTeX Info: Redefining \textssc on input line 48.
LaTeX Info: Redefining \textulc on input line 49.
))
(c:/texlive/2020/texmf-dist/tex/latex/microtype/microtype.sty
Package: microtype 2019/11/18 v2.7d Micro-typographical refinements (RS)
\MT@toks=\toks25
\MT@count=\count293
LaTeX Info: Redefining \textls on input line 790.
\MT@outer@kern=\dimen179
LaTeX Info: Redefining \textmicrotypecontext on input line 1354.
\MT@listname@count=\count294

(c:/texlive/2020/texmf-dist/tex/latex/microtype/microtype-pdftex.def
File: microtype-pdftex.def 2019/11/18 v2.7d Definitions specific to pdftex (RS)

LaTeX Info: Redefining \lsstyle on input line 914.
LaTeX Info: Redefining \lslig on input line 914.
\MT@outer@space=\skip191
)
Package microtype Info: Loading configuration file microtype.cfg.

(c:/texlive/2020/texmf-dist/tex/latex/microtype/microtype.cfg
File: microtype.cfg 2019/11/18 v2.7d microtype main configuration file (RS)
))
(c:/texlive/2020/texmf-dist/tex/latex/psnfss/pifont.sty
Package: pifont 2020/03/25 PSNFSS-v9.3 Pi font support (SPQR) 
LaTeX Font Info:    Trying to load font information for U+pzd on input line 63.


(c:/texlive/2020/texmf-dist/tex/latex/psnfss/upzd.fd
File: upzd.fd 2001/06/04 font definitions for U/pzd.
)
LaTeX Font Info:    Trying to load font information for U+psy on input line 64.


(c:/texlive/2020/texmf-dist/tex/latex/psnfss/upsy.fd
File: upsy.fd 2001/06/04 font definitions for U/psy.
))
(c:/texlive/2020/texmf-dist/tex/generic/atbegshi/atbegshi.sty
Package: atbegshi 2019/12/05 v1.19 At begin shipout hook (HO)

(c:/texlive/2020/texmf-dist/tex/generic/infwarerr/infwarerr.sty
Package: infwarerr 2019/12/03 v1.5 Providing info/warning/error messages (HO)
)
(c:/texlive/2020/texmf-dist/tex/generic/ltxcmds/ltxcmds.sty
Package: ltxcmds 2020-05-10 v1.25 LaTeX kernel commands for general use (HO)
)))
(c:/texlive/2020/texmf-dist/tex/latex/base/inputenc.sty
Package: inputenc 2018/08/11 v1.3c Input encoding file
\inpenc@prehook=\toks26
\inpenc@posthook=\toks27
)
(c:/texlive/2020/texmf-dist/tex/latex/enumitem/enumitem.sty
Package: enumitem 2019/06/20 v3.9 Customized lists
\enitkv@toks@=\toks28
\labelindent=\skip192
\enit@outerparindent=\dimen180
\enit@toks=\toks29
\enit@inbox=\box50
\enit@count@id=\count295
\enitdp@description=\count296
)
(c:/texlive/2020/texmf-dist/tex/latex/tools/afterpage.sty
Package: afterpage 2014/10/28 v1.08 After-Page Package (DPC)
\AP@output=\toks30
\AP@partial=\box51
\AP@footins=\box52
)
(c:/texlive/2020/texmf-dist/tex/latex/hyperref/hyperref.sty
Package: hyperref 2020-05-15 v7.00e Hypertext links for LaTeX

(c:/texlive/2020/texmf-dist/tex/generic/pdftexcmds/pdftexcmds.sty
Package: pdftexcmds 2020-06-27 v0.33 Utility functions of pdfTeX for LuaTeX (HO
)
Package pdftexcmds Info: \pdf@primitive is available.
Package pdftexcmds Info: \pdf@ifprimitive is available.
Package pdftexcmds Info: \pdfdraftmode found.
)
(c:/texlive/2020/texmf-dist/tex/generic/kvsetkeys/kvsetkeys.sty
Package: kvsetkeys 2019/12/15 v1.18 Key value parser (HO)
)
(c:/texlive/2020/texmf-dist/tex/generic/kvdefinekeys/kvdefinekeys.sty
Package: kvdefinekeys 2019-12-19 v1.6 Define keys (HO)
)
(c:/texlive/2020/texmf-dist/tex/generic/pdfescape/pdfescape.sty
Package: pdfescape 2019/12/09 v1.15 Implements pdfTeX's escape features (HO)
)
(c:/texlive/2020/texmf-dist/tex/latex/hycolor/hycolor.sty
Package: hycolor 2020-01-27 v1.10 Color options for hyperref/bookmark (HO)
)
(c:/texlive/2020/texmf-dist/tex/latex/letltxmacro/letltxmacro.sty
Package: letltxmacro 2019/12/03 v1.6 Let assignment for LaTeX macros (HO)
)
(c:/texlive/2020/texmf-dist/tex/latex/auxhook/auxhook.sty
Package: auxhook 2019-12-17 v1.6 Hooks for auxiliary files (HO)
)
(c:/texlive/2020/texmf-dist/tex/latex/kvoptions/kvoptions.sty
Package: kvoptions 2019/11/29 v3.13 Key value format for package options (HO)
)
\@linkdim=\dimen181
\Hy@linkcounter=\count297
\Hy@pagecounter=\count298

(c:/texlive/2020/texmf-dist/tex/latex/hyperref/pd1enc.def
File: pd1enc.def 2020-05-15 v7.00e Hyperref: PDFDocEncoding definition (HO)
Now handling font encoding PD1 ...
... no UTF-8 mapping file for font encoding PD1
)
(c:/texlive/2020/texmf-dist/tex/generic/intcalc/intcalc.sty
Package: intcalc 2019/12/15 v1.3 Expandable calculations with integers (HO)
)
(c:/texlive/2020/texmf-dist/tex/generic/etexcmds/etexcmds.sty
Package: etexcmds 2019/12/15 v1.7 Avoid name clashes with e-TeX commands (HO)
)
\Hy@SavedSpaceFactor=\count299
Package hyperref Info: Hyper figures OFF on input line 4464.
Package hyperref Info: Link nesting OFF on input line 4469.
Package hyperref Info: Hyper index ON on input line 4472.
Package hyperref Info: Plain pages OFF on input line 4479.
Package hyperref Info: Backreferencing OFF on input line 4484.
Package hyperref Info: Implicit mode ON; LaTeX internals redefined.
Package hyperref Info: Bookmarks ON on input line 4717.
\c@Hy@tempcnt=\count300

(c:/texlive/2020/texmf-dist/tex/latex/url/url.sty
\Urlmuskip=\muskip16
Package: url 2013/09/16  ver 3.4  Verb mode for urls, etc.
)
LaTeX Info: Redefining \url on input line 5076.
\XeTeXLinkMargin=\dimen182

(c:/texlive/2020/texmf-dist/tex/generic/bitset/bitset.sty
Package: bitset 2019/12/09 v1.3 Handle bit-vector datatype (HO)

(c:/texlive/2020/texmf-dist/tex/generic/bigintcalc/bigintcalc.sty
Package: bigintcalc 2019/12/15 v1.5 Expandable calculations on big integers (HO
)
))
\Fld@menulength=\count301
\Field@Width=\dimen183
\Fld@charsize=\dimen184
Package hyperref Info: Hyper figures OFF on input line 6347.
Package hyperref Info: Link nesting OFF on input line 6352.
Package hyperref Info: Hyper index ON on input line 6355.
Package hyperref Info: backreferencing OFF on input line 6362.
Package hyperref Info: Link coloring OFF on input line 6367.
Package hyperref Info: Link coloring with OCG OFF on input line 6372.
Package hyperref Info: PDF/A mode OFF on input line 6377.
LaTeX Info: Redefining \ref on input line 6417.
LaTeX Info: Redefining \pageref on input line 6421.
\Hy@abspage=\count302
\c@Item=\count303
\c@Hfootnote=\count304
)
(c:/texlive/2020/texmf-dist/tex/latex/memoir/memhfixc.sty
Package: memhfixc 2019/10/24 v1.18 nameref/hyperref package fixes for memoir cl
ass
\c@memhycontfloat=\count305
\c@Hpagenote=\count306
)
Package hyperref Info: Driver (autodetected): hpdftex.

(c:/texlive/2020/texmf-dist/tex/latex/hyperref/hpdftex.def
File: hpdftex.def 2020-05-15 v7.00e Hyperref driver for pdfTeX

(c:/texlive/2020/texmf-dist/tex/latex/atveryend/atveryend.sty
Package: atveryend 2019-12-11 v1.11 Hooks at the very end of document (HO)
Package atveryend Info: \AP@enddocument detected (standard20110627).
)
\Fld@listcount=\count307
\c@bookmark@seq@number=\count308

(c:/texlive/2020/texmf-dist/tex/latex/rerunfilecheck/rerunfilecheck.sty
Package: rerunfilecheck 2019/12/05 v1.9 Rerun checks for auxiliary files (HO)

(c:/texlive/2020/texmf-dist/tex/generic/uniquecounter/uniquecounter.sty
Package: uniquecounter 2019/12/15 v1.4 Provide unlimited unique counter (HO)
)
Package uniquecounter Info: New unique counter `rerunfilecheck' on input line 2
86.
)
\Hy@SectionHShift=\skip193
)
(c:/texlive/2020/texmf-dist/tex/latex/tools/varioref.sty
Package: varioref 2020/01/23 v1.6c package for extended references (FMi)
\c@vrcnt=\count309
)
(c:/texlive/2020/texmf-dist/tex/latex/cleveref/cleveref.sty
Package: cleveref 2018/03/27 v0.21.4 Intelligent cross-referencing
LaTeX Info: Redefining \Cref on input line 925.
Package cleveref Info: `hyperref' support loaded on input line 2370.
LaTeX Info: Redefining \cref on input line 2370.
LaTeX Info: Redefining \Cref on input line 2370.
LaTeX Info: Redefining \crefrange on input line 2370.
LaTeX Info: Redefining \Crefrange on input line 2370.
LaTeX Info: Redefining \cpageref on input line 2370.
LaTeX Info: Redefining \Cpageref on input line 2370.
LaTeX Info: Redefining \cpagerefrange on input line 2370.
LaTeX Info: Redefining \Cpagerefrange on input line 2370.
LaTeX Info: Redefining \labelcref on input line 2370.
LaTeX Info: Redefining \labelcpageref on input line 2370.
Package cleveref Info: `varioref' support loaded on input line 2605.
Package cleveref Info: `cleveref' supersedes `varioref's \labelformatcommand on
 input line 2605.
LaTeX Info: Redefining \vref on input line 2605.
LaTeX Info: Redefining \Vref on input line 2605.
LaTeX Info: Redefining \vrefrange on input line 2605.
LaTeX Info: Redefining \fullref on input line 2605.
Package cleveref Info: include cross-reference names in hyperlinks on input lin
e 7836.
Package cleveref Info: include cross-reference names in hyperlinks on input lin
e 7852.
)
(c:/texlive/2020/texmf-dist/tex/latex/imakeidx/imakeidx.sty
Package: imakeidx 2016/10/15 v1.3e Package for typesetting indices in a synchro
nous mode

(c:/texlive/2020/texmf-dist/tex/latex/tools/multicol.sty
Package: multicol 2019/12/09 v1.8y multicolumn formatting (FMi)
\c@tracingmulticols=\count310
\mult@box=\box53
\multicol@leftmargin=\dimen185
\c@unbalance=\count311
\c@collectmore=\count312
\doublecol@number=\count313
\multicoltolerance=\count314
\multicolpretolerance=\count315
\full@width=\dimen186
\page@free=\dimen187
\premulticols=\dimen188
\postmulticols=\dimen189
\multicolsep=\skip194
\multicolbaselineskip=\skip195
\partial@page=\box54
\last@line=\box55
\maxbalancingoverflow=\dimen190
\mult@rightbox=\box56
\mult@grightbox=\box57
\mult@gfirstbox=\box58
\mult@firstbox=\box59
\@tempa=\box60
\@tempa=\box61
\@tempa=\box62
\@tempa=\box63
\@tempa=\box64
\@tempa=\box65
\@tempa=\box66
\@tempa=\box67
\@tempa=\box68
\@tempa=\box69
\@tempa=\box70
\@tempa=\box71
\@tempa=\box72
\@tempa=\box73
\@tempa=\box74
\@tempa=\box75
\@tempa=\box76
\@tempa=\box77
\@tempa=\box78
\@tempa=\box79
\@tempa=\box80
\@tempa=\box81
\@tempa=\box82
\@tempa=\box83
\@tempa=\box84
\@tempa=\box85
\@tempa=\box86
\@tempa=\box87
\@tempa=\box88
\@tempa=\box89
\@tempa=\box90
\@tempa=\box91
\@tempa=\box92
\@tempa=\box93
\@tempa=\box94
\@tempa=\box95
\@tempa=\box96
\c@minrows=\count316
\c@columnbadness=\count317
\c@finalcolumnbadness=\count318
\last@try=\dimen191
\multicolovershoot=\dimen192
\multicolundershoot=\dimen193
\mult@nat@firstbox=\box97
\colbreak@box=\box98
\mc@col@check@num=\count319
))
(c:/texlive/2020/texmf-dist/tex/latex/xcolor/xcolor.sty
Package: xcolor 2016/05/11 v2.12 LaTeX color extensions (UK)

(c:/texlive/2020/texmf-dist/tex/latex/graphics-cfg/color.cfg
File: color.cfg 2016/01/02 v1.6 sample color configuration
)
Package xcolor Info: Driver file: pdftex.def on input line 225.

(c:/texlive/2020/texmf-dist/tex/latex/graphics-def/pdftex.def
File: pdftex.def 2020/08/26 v1.2 Graphics/color driver for pdftex
)
Package xcolor Info: Model `cmy' substituted by `cmy0' on input line 1348.
Package xcolor Info: Model `hsb' substituted by `rgb' on input line 1352.
Package xcolor Info: Model `RGB' extended on input line 1364.
Package xcolor Info: Model `HTML' substituted by `rgb' on input line 1366.
Package xcolor Info: Model `Hsb' substituted by `hsb' on input line 1367.
Package xcolor Info: Model `tHsb' substituted by `hsb' on input line 1368.
Package xcolor Info: Model `HSB' substituted by `hsb' on input line 1369.
Package xcolor Info: Model `Gray' substituted by `gray' on input line 1370.
Package xcolor Info: Model `wave' substituted by `hsb' on input line 1371.
)
(c:/texlive/2020/texmf-dist/tex/latex/pdflscape/pdflscape.sty
Package: pdflscape 2019/12/05 v0.12 Display of landscape pages in PDF (HO)

(c:/texlive/2020/texmf-dist/tex/latex/graphics/lscape.sty
Package: lscape 2000/10/22 v3.01 Landscape Pages (DPC)

(c:/texlive/2020/texmf-dist/tex/latex/graphics/graphics.sty
Package: graphics 2019/11/30 v1.4a Standard LaTeX Graphics (DPC,SPQR)

(c:/texlive/2020/texmf-dist/tex/latex/graphics/trig.sty
Package: trig 2016/01/03 v1.10 sin cos tan (DPC)
)
(c:/texlive/2020/texmf-dist/tex/latex/graphics-cfg/graphics.cfg
File: graphics.cfg 2016/06/04 v1.11 sample graphics configuration
)
Package graphics Info: Driver file: pdftex.def on input line 105.
))
Package pdflscape Info: Auto-detected driver: pdftex on input line 81.
)
(c:/texlive/2020/texmf-dist/tex/latex/minted/minted.sty
Package: minted 2017/07/19 v2.5 Yet another Pygments shim for LaTeX

(c:/texlive/2020/texmf-dist/tex/latex/fvextra/fvextra.sty
Package: fvextra 2019/02/04 v1.4 fvextra - extensions and patches for fancyvrb

(c:/texlive/2020/texmf-dist/tex/latex/base/ifthen.sty
Package: ifthen 2014/09/29 v1.1c Standard LaTeX ifthen package (DPC)
)
(c:/texlive/2020/texmf-dist/tex/latex/etoolbox/etoolbox.sty
Package: etoolbox 2020/08/24 v2.5j e-TeX tools for LaTeX (JAW)
\etb@tempcnta=\count320
)
(c:/texlive/2020/texmf-dist/tex/latex/fancyvrb/fancyvrb.sty
Package: fancyvrb 2020/05/03 v3.6 verbatim text (tvz,hv)
\FV@CodeLineNo=\count321
\FV@InFile=\read3
\FV@TabBox=\box99
\c@FancyVerbLine=\count322
\FV@StepNumber=\count323
\FV@OutFile=\write4
)
(c:/texlive/2020/texmf-dist/tex/latex/upquote/upquote.sty
Package: upquote 2012/04/19 v1.3 upright-quote and grave-accent glyphs in verba
tim
)
(c:/texlive/2020/texmf-dist/tex/latex/lineno/lineno.sty
Package: lineno 2005/11/02 line numbers on paragraphs v4.41
\linenopenalty=\count324
\output=\toks31
\linenoprevgraf=\count325
\linenumbersep=\dimen194
\linenumberwidth=\dimen195
\c@linenumber=\count326
\c@pagewiselinenumber=\count327
\c@LN@truepage=\count328
\c@internallinenumber=\count329
\c@internallinenumbers=\count330
\quotelinenumbersep=\dimen196
\bframerule=\dimen197
\bframesep=\dimen198
\bframebox=\box100
LaTeX Info: Redefining \\ on input line 3056.
)
\c@FV@TrueTabGroupLevel=\count331
\c@FV@TrueTabCounter=\count332
\FV@TabBox@Group=\box101
\FV@TmpLength=\skip196
\c@FV@HighlightLinesStart=\count333
\c@FV@HighlightLinesStop=\count334
\FV@LoopCount=\count335
\FV@NCharsBox=\box102
\FV@BreakIndent=\dimen199
\FV@BreakIndentNChars=\count336
\FV@BreakSymbolSepLeft=\dimen256
\FV@BreakSymbolSepLeftNChars=\count337
\FV@BreakSymbolSepRight=\dimen257
\FV@BreakSymbolSepRightNChars=\count338
\FV@BreakSymbolIndentLeft=\dimen258
\FV@BreakSymbolIndentLeftNChars=\count339
\FV@BreakSymbolIndentRight=\dimen259
\FV@BreakSymbolIndentRightNChars=\count340
\c@FancyVerbLineBreakLast=\count341
\FV@LineBox=\box103
\FV@LineIndentBox=\box104
\FV@LineWidth=\dimen260
)
(c:/texlive/2020/texmf-dist/tex/latex/tools/calc.sty
Package: calc 2017/05/25 v4.3 Infix arithmetic (KKT,FJ)
\calc@Acount=\count342
\calc@Bcount=\count343
\calc@Adimen=\dimen261
\calc@Bdimen=\dimen262
\calc@Askip=\skip197
\calc@Bskip=\skip198
LaTeX Info: Redefining \setlength on input line 80.
LaTeX Info: Redefining \addtolength on input line 81.
\calc@Ccount=\count344
\calc@Cskip=\skip199
)
(c:/texlive/2020/texmf-dist/tex/latex/tools/shellesc.sty
Package: shellesc 2019/11/08 v1.0c unified shell escape interface for LaTeX
Package shellesc Info: Unrestricted shell escape enabled on input line 75.
)
(c:/texlive/2020/texmf-dist/tex/latex/ifplatform/ifplatform.sty
Package: ifplatform 2017/10/13 v0.4a Testing for the operating system

(c:/texlive/2020/texmf-dist/tex/generic/catchfile/catchfile.sty
Package: catchfile 2019/12/09 v1.8 Catch the contents of a file (HO)
))
(c:/texlive/2020/texmf-dist/tex/generic/xstring/xstring.sty
(c:/texlive/2020/texmf-dist/tex/generic/xstring/xstring.tex
\integerpart=\count345
\decimalpart=\count346
)
Package: xstring 2019/02/06 v1.83 String manipulations (CT)
)
(c:/texlive/2020/texmf-dist/tex/latex/framed/framed.sty
Package: framed 2011/10/22 v 0.96: framed or shaded text with page breaks
\OuterFrameSep=\skip256
\fb@frw=\dimen263
\fb@frh=\dimen264
)
(c:/texlive/2020/texmf-dist/tex/latex/float/float.sty
Package: float 2001/11/08 v1.3d Float enhancements (AL)
\c@float@type=\count347
\float@exts=\toks32
\float@box=\box105
\@float@everytoks=\toks33
\@floatcapt=\box106
)
\minted@appexistsfile=\read4
\minted@bgbox=\box107
\minted@code=\write5
\c@minted@FancyVerbLineTemp=\count348
\c@minted@pygmentizecounter=\count349
\@float@every@listing=\toks34
\c@listing=\count350
)
runsystem(if not exist _minted-main mkdir _minted-main)...executed.

\main@idxfile=\write6
\openout6 = `main.idx'.


Writing index file main.idx
runsystem(for ^%i in (pygmentize.exe pygmentize.bat pygmentize.cmd) do set > ma
in.aex <nul: /p x=^%~$PATH:i>> main.aex)...executed.

runsystem(del main.aex)...executed.

(c:/texlive/2020/texmf-dist/tex/latex/l3backend/l3backend-pdftex.def
File: l3backend-pdftex.def 2020-09-24 L3 backend support: PDF output (pdfTeX)
\l__kernel_color_stack_int=\count351
\l__pdf_internal_box=\box108
)
(./main.aux)
\openout1 = `main.aux'.

LaTeX Font Info:    Checking defaults for OML/cmm/m/it on input line 23.
LaTeX Font Info:    ... okay on input line 23.
LaTeX Font Info:    Checking defaults for OMS/cmsy/m/n on input line 23.
LaTeX Font Info:    ... okay on input line 23.
LaTeX Font Info:    Checking defaults for OT1/cmr/m/n on input line 23.
LaTeX Font Info:    ... okay on input line 23.
LaTeX Font Info:    Checking defaults for T1/cmr/m/n on input line 23.
LaTeX Font Info:    ... okay on input line 23.
LaTeX Font Info:    Checking defaults for TS1/cmr/m/n on input line 23.
LaTeX Font Info:    ... okay on input line 23.
LaTeX Font Info:    Checking defaults for OMX/cmex/m/n on input line 23.
LaTeX Font Info:    ... okay on input line 23.
LaTeX Font Info:    Checking defaults for U/cmr/m/n on input line 23.
LaTeX Font Info:    ... okay on input line 23.
LaTeX Font Info:    Checking defaults for PD1/pdf/m/n on input line 23.
LaTeX Font Info:    ... okay on input line 23.
LaTeX Font Info:    Trying to load font information for T1+Alegreya-LF on input
 line 23.
 (c:/texlive/2020/texmf-dist/tex/latex/alegreya/T1Alegreya-LF.fd
File: T1Alegreya-LF.fd 2019/10/08 (autoinst) Font definitions for T1/Alegreya-L
F.
)
LaTeX Font Info:    Font shape `T1/Alegreya-LF/m/n' in size <12> not available
(Font)              Font shape `T1/Alegreya-LF/regular/n' tried instead on inpu
t line 23.
LaTeX Font Info:    Font shape `T1/Alegreya-LF/regular/n' will be
(Font)              scaled to size 12.0pt on input line 23.
\c@mv@tabular=\count352
\c@mv@boldtabular=\count353
LaTeX Info: Redefining \microtypecontext on input line 23.
Package microtype Info: Generating PDF output.
Package microtype Info: Character protrusion enabled (level 2).
Package microtype Info: Using default protrusion set `alltext'.
Package microtype Info: Automatic font expansion enabled (level 2),
(microtype)             stretch: 20, shrink: 20, step: 1, non-selected.
Package microtype Info: Using default expansion set `basictext'.
LaTeX Info: Redefining \showhyphens on input line 23.
Package microtype Info: No adjustment of tracking.
Package microtype Info: No adjustment of interword spacing.
Package microtype Info: No adjustment of character kerning.
Package microtype Info: Loading generic protrusion settings for font family
(microtype)             `Alegreya-LF' (encoding: T1).
(microtype)             For optimal results, create family-specific settings.
(microtype)             See the microtype manual for details.
\AtBeginShipoutBox=\box109
Package hyperref Info: Link coloring OFF on input line 23.

(c:/texlive/2020/texmf-dist/tex/latex/hyperref/nameref.sty
Package: nameref 2019/09/16 v2.46 Cross-referencing by name of section

(c:/texlive/2020/texmf-dist/tex/latex/refcount/refcount.sty
Package: refcount 2019/12/15 v3.6 Data extraction from label references (HO)
)
(c:/texlive/2020/texmf-dist/tex/generic/gettitlestring/gettitlestring.sty
Package: gettitlestring 2019/12/15 v1.6 Cleanup title references (HO)
)
\c@section@level=\count354
LaTeX Info: Redefining \Ref on input line 520.
)
Redoing nameref's sectioning
Redoing nameref's label
LaTeX Info: Redefining \nameref on input line 23.
LaTeX Info: Redefining \ref on input line 23.
LaTeX Info: Redefining \pageref on input line 23.
LaTeX Info: Redefining \nameref on input line 23.
(./main.out) (./main.out)
\@outlinefile=\write7
\openout7 = `main.out'.

LaTeX Info: Redefining \Ref on input line 23.

(c:/texlive/2020/texmf-dist/tex/context/base/mkii/supp-pdf.mkii
[Loading MPS to PDF converter (version 2006.09.02).]
\scratchcounter=\count355
\scratchdimen=\dimen265
\scratchbox=\box110
\nofMPsegments=\count356
\nofMParguments=\count357
\everyMPshowfont=\toks35
\MPscratchCnt=\count358
\MPscratchDim=\dimen266
\MPnumerator=\count359
\makeMPintoPDFobject=\count360
\everyMPtoPDFconversion=\toks36
) (c:/texlive/2020/texmf-dist/tex/latex/epstopdf-pkg/epstopdf-base.sty
Package: epstopdf-base 2020-01-24 v2.11 Base part for package epstopdf
Package epstopdf-base Info: Redefining graphics rule for `.eps' on input line 4
85.

(c:/texlive/2020/texmf-dist/tex/latex/latexconfig/epstopdf-sys.cfg
File: epstopdf-sys.cfg 2010/07/13 v1.3 Configuration of (r)epstopdf for TeX Liv
e
))
LaTeX Font Info:    Font shape `T1/Alegreya-LF/m/n' in size <20.74> not availab
le
(Font)              Font shape `T1/Alegreya-LF/regular/n' tried instead on inpu
t line 26.
LaTeX Font Info:    Font shape `T1/Alegreya-LF/regular/n' will be
(Font)              scaled to size 20.74pt on input line 26.
LaTeX Font Info:    Font shape `T1/Alegreya-LF/m/n' in size <14.4> not availabl
e
(Font)              Font shape `T1/Alegreya-LF/regular/n' tried instead on inpu
t line 26.
LaTeX Font Info:    Font shape `T1/Alegreya-LF/regular/n' will be
(Font)              scaled to size 14.4pt on input line 26.
LaTeX Font Info:    Trying to load font information for OT1+lmr on input line 2
6.

(c:/texlive/2020/texmf-dist/tex/latex/lm/ot1lmr.fd
File: ot1lmr.fd 2009/10/30 v1.6 Font defs for Latin Modern
)
(c:/texlive/2020/texmf-dist/tex/latex/microtype/mt-cmr.cfg
File: mt-cmr.cfg 2013/05/19 v2.2 microtype config. file: Computer Modern Roman 
(RS)
)
LaTeX Font Info:    Trying to load font information for OML+lmm on input line 2
6.

(c:/texlive/2020/texmf-dist/tex/latex/lm/omllmm.fd
File: omllmm.fd 2009/10/30 v1.6 Font defs for Latin Modern
)
LaTeX Font Info:    Trying to load font information for OMS+lmsy on input line 
26.

(c:/texlive/2020/texmf-dist/tex/latex/lm/omslmsy.fd
File: omslmsy.fd 2009/10/30 v1.6 Font defs for Latin Modern
)
LaTeX Font Info:    Trying to load font information for OMX+lmex on input line 
26.

(c:/texlive/2020/texmf-dist/tex/latex/lm/omxlmex.fd
File: omxlmex.fd 2009/10/30 v1.6 Font defs for Latin Modern
)
LaTeX Font Info:    External font `lmex10' loaded for size
(Font)              <14.4> on input line 26.
LaTeX Font Info:    External font `lmex10' loaded for size
(Font)              <10> on input line 26.
LaTeX Font Info:    External font `lmex10' loaded for size
(Font)              <7> on input line 26.
 [1


{c:/texlive/2020/texmf-var/fonts/map/pdftex/updmap/pdftex.map}]
LaTeX Font Info:    Font shape `T1/Alegreya-LF/m/it' in size <12> not available

(Font)              Font shape `T1/Alegreya-LF/regular/it' tried instead on inp
ut line 29.
LaTeX Font Info:    Font shape `T1/Alegreya-LF/regular/it' will be
(Font)              scaled to size 12.0pt on input line 29.
LaTeX Font Info:    Font shape `T1/Alegreya-LF/m/it' in size <24.88> not availa
ble
(Font)              Font shape `T1/Alegreya-LF/regular/it' tried instead on inp
ut line 29.
LaTeX Font Info:    Font shape `T1/Alegreya-LF/regular/it' will be
(Font)              scaled to size 24.88pt on input line 29.
LaTeX Font Info:    External font `lmex10' loaded for size
(Font)              <12> on input line 29.
LaTeX Font Info:    External font `lmex10' loaded for size
(Font)              <8> on input line 29.
LaTeX Font Info:    External font `lmex10' loaded for size
(Font)              <6> on input line 29.
 (./main.toc
LaTeX Font Info:    Font shape `T1/Alegreya-LF/b/n' in size <14.4> not availabl
e
(Font)              Font shape `T1/Alegreya-LF/bold/n' tried instead on input l
ine 1.
LaTeX Font Info:    Font shape `T1/Alegreya-LF/bold/n' will be
(Font)              scaled to size 14.4pt on input line 1.
LaTeX Font Info:    Font shape `T1/Alegreya-LF/b/n' in size <12> not available
(Font)              Font shape `T1/Alegreya-LF/bold/n' tried instead on input l
ine 2.
LaTeX Font Info:    Font shape `T1/Alegreya-LF/bold/n' will be
(Font)              scaled to size 12.0pt on input line 2.
) (./main.toc [2


])
Underfull \vbox (badness 10000) has occurred while \output is active []

LaTeX Font Info:    Font shape `T1/Alegreya-LF/m/n' in size <24.88> not availab
le
(Font)              Font shape `T1/Alegreya-LF/regular/n' tried instead on inpu
t line 29.
LaTeX Font Info:    Font shape `T1/Alegreya-LF/regular/n' will be
(Font)              scaled to size 24.88pt on input line 29.
 [3]
(./main.lof) (./main.lot) (./main.lol
LaTeX Font Info:    Trying to load font information for T1+lmtt on input line 1
.

(c:/texlive/2020/texmf-dist/tex/latex/lm/t1lmtt.fd
File: t1lmtt.fd 2009/10/30 v1.6 Font defs for Latin Modern
)
Package microtype Info: Loading generic protrusion settings for font family
(microtype)             `lmtt' (encoding: T1).
(microtype)             For optimal results, create family-specific settings.
(microtype)             See the microtype manual for details.
) [4]
LaTeX Font Info:    Font shape `T1/Alegreya-LF/m/sc' in size <12> not available

(Font)              Font shape `T1/Alegreya-LF/regular/sc' tried instead on inp
ut line 41.
LaTeX Font Info:    Font shape `T1/Alegreya-LF/regular/sc' will be
(Font)              scaled to size 12.0pt on input line 41.
Package microtype Info: Character `029' is missing
(microtype)             in font `T1/lmtt/m/sc/12'.
(microtype)             Ignoring protrusion settings for this character.
LaTeX Font Info:    Font shape `T1/Alegreya-LF/m/n' in size <8> not available
(Font)              Font shape `T1/Alegreya-LF/regular/n' tried instead on inpu
t line 43.
LaTeX Font Info:    Font shape `T1/Alegreya-LF/regular/n' will be
(Font)              scaled to size 8.0pt on input line 43.
LaTeX Font Info:    Font shape `T1/Alegreya-LF/m/n' in size <10> not available
(Font)              Font shape `T1/Alegreya-LF/regular/n' tried instead on inpu
t line 43.
LaTeX Font Info:    Font shape `T1/Alegreya-LF/regular/n' will be
(Font)              scaled to size 10.0pt on input line 43.
LaTeX Font Info:    External font `lmex10' loaded for size
(Font)              <5> on input line 43.
LaTeX Font Info:    Font shape `T1/Alegreya-LF/m/n' in size <7> not available
(Font)              Font shape `T1/Alegreya-LF/regular/n' tried instead on inpu
t line 43.
LaTeX Font Info:    Font shape `T1/Alegreya-LF/regular/n' will be
(Font)              scaled to size 7.0pt on input line 43.
LaTeX Font Info:    Font shape `T1/lmtt/bx/n' in size <12> not available
(Font)              Font shape `T1/lmtt/b/n' tried instead on input line 48.
 [1


]
Overfull \hbox (1.05576pt too wide) in paragraph at lines 50--51
[]\T1/Alegreya-LF/regular/n/12 (-20) just helps type-set-ting, es-pe-cially sin
ce we call \T1/lmtt/m/sc/12 microtype[][][] 
 []

[2]
LaTeX Font Info:    Font shape `T1/Alegreya-LF/b/sc' in size <12> not available

(Font)              Font shape `T1/Alegreya-LF/bold/sc' tried instead on input 
line 88.
LaTeX Font Info:    Font shape `T1/Alegreya-LF/bold/sc' will be
(Font)              scaled to size 12.0pt on input line 88.


LaTeX Font Warning: Font shape `T1/lmtt/bx/sc' undefined
(Font)              using `T1/lmtt/bx/n' instead on input line 88.


Overfull \hbox (1.12576pt too wide) in paragraph at lines 88--89
\T1/Alegreya-LF/regular/n/12 (-20) here be-cause it does hap-pen, where you get
 fucked over be-cause \T1/lmtt/m/sc/12 afterpage
 []

[3] [4]
LaTeX Font Info:    Font shape `T1/Alegreya-LF/m/sc' in size <10> not available

(Font)              Font shape `T1/Alegreya-LF/regular/sc' tried instead on inp
ut line 109.
LaTeX Font Info:    Font shape `T1/Alegreya-LF/regular/sc' will be
(Font)              scaled to size 10.0pt on input line 109.
Package microtype Info: Character `029' is missing
(microtype)             in font `T1/lmtt/m/sc/10'.
(microtype)             Ignoring protrusion settings for this character.
LaTeX Font Info:    Trying to load font information for TS1+Alegreya-LF on inpu
t line 118.
 (c:/texlive/2020/texmf-dist/tex/latex/alegreya/TS1Alegreya-LF.fd
File: TS1Alegreya-LF.fd 2019/10/08 (autoinst) Font definitions for TS1/Alegreya
-LF.
)
LaTeX Font Info:    Font shape `TS1/Alegreya-LF/m/n' in size <12> not available

(Font)              Font shape `TS1/Alegreya-LF/regular/n' tried instead on inp
ut line 118.
LaTeX Font Info:    Font shape `TS1/Alegreya-LF/regular/n' will be
(Font)              scaled to size 12.0pt on input line 118.
Package microtype Info: Loading generic protrusion settings for font family
(microtype)             `Alegreya-LF' (encoding: TS1).
(microtype)             For optimal results, create family-specific settings.
(microtype)             See the microtype manual for details.

[5]
Overfull \hbox (9.06105pt too wide) in paragraph at lines 128--129
[]\T1/Alegreya-LF/regular/n/12 (-20) provides ef-fec-tive re-frenc-ing and
 []


Overfull \hbox (0.83058pt too wide) in paragraph at lines 136--137
[]\T1/Alegreya-LF/regular/n/12 (-20) provides com-mon math sup-port, etc. 
 []

[6] [7pdfTeX warning (ext4): destination with the same identifier (name{table.2
.1}) has been already used, duplicate ignored

\AtBegShi@Output ...ipout \box \AtBeginShipoutBox 
                                                  \fi \fi 
l.180 ...d, solarized, tomorrow] \begin{landscape}
                                                  \begin{table}]
Overfull \hbox (3.12149pt too wide) in paragraph at lines 184--185
 []|\T1/Alegreya-LF/regular/n/12 (-20) fourth| 
 []


Overfull \hbox (1.2653pt too wide) in paragraph at lines 186--186
 []|[][][][][][]| 
 []


Overfull \hbox (1.1693pt too wide) in paragraph at lines 187--187
 []|[][][][][][][]| 
 []


Overfull \hbox (5.5133pt too wide) in paragraph at lines 188--188
 []|[][][][][][]| 
 []


Overfull \hbox (7.56529pt too wide) in paragraph at lines 189--189
 []|[][][][][][][]| 
 []


Overfull \hbox (7.5053pt too wide) in paragraph at lines 190--190
 []|[][][][][][]| 
 []


Overfull \hbox (8.4413pt too wide) in paragraph at lines 191--191
 []|[][][][][][][]| 
 []


Overfull \hbox (5.54932pt too wide) in paragraph at lines 192--192
 []|[][][][][][]| 
 []


Overfull \hbox (11.94531pt too wide) in paragraph at lines 193--193
 []|[][][][][][][]| 
 []


Overfull \hbox (6.3533pt too wide) in paragraph at lines 194--194
 []|[][][][][][]| 
 []


Overfull \hbox (7.56529pt too wide) in paragraph at lines 195--195
 []|[][][][][][][]| 
 []

[8pdfTeX warning (ext4): destination with the same identifier (name{table.2.2})
 has been already used, duplicate ignored

\AtBegShi@Output ...ipout \box \AtBeginShipoutBox 
                                                  \fi \fi 
l.201   \end{landscape}
                       ] [9


]
\openout4 = `main.pyg'.

runsystem(pygmentize -S default -f latex -P commandprefix=PYG > _minted-main\de
fault-pyg-prefix.pygstyle)...executed.

 (./_minted-main/default-pyg-prefix.pygstyle)
runsystem(pygmentize -S bw -f latex -P commandprefix=PYGbw > _minted-main\bw.py
gstyle)...executed.


(./_minted-main/bw.pygstyle)
runsystem(pygmentize -l TeX -f latex -P commandprefix=PYG -F tokenmerge -o _min
ted-main/081DF7D86587FEF5D90D4043F74D1AC331DD870A308B974A3B5028136A4784DB.pygte
x main.pyg)...executed.


(./_minted-main/081DF7D86587FEF5D90D4043F74D1AC331DD870A308B974A3B5028136A4784D
B.pygtex)
Package hyperref Info: bookmark level for unknown listing defaults to 0 on inpu
t line 247.

Underfull \hbox (badness 1533) in paragraph at lines 247--247
[]\T1/Alegreya-LF/regular/n/12 (+20) Listing 2.1: ex-am-ple im-ple-men-ta-tion 
of \T1/lmtt/m/n/12 boxtap\T1/Alegreya-LF/regular/n/12 (+20) . note that \T1/lmt
t/m/n/12 boxtap \T1/Alegreya-LF/regular/n/12 (+20) and
 []

[10] [11] [12

]
\tf@toc=\write8
\openout8 = `main.toc'.

\tf@lof=\write9
\openout9 = `main.lof'.

\tf@lot=\write10
\openout10 = `main.lot'.

\tf@lol=\write11
\openout11 = `main.lol'.

Package atveryend Info: Empty hook `BeforeClearDocument' on input line 262.
Package atveryend Info: Empty hook `AfterLastShipout' on input line 262.
 (./main.aux)
Package atveryend Info: Executing hook `AtVeryEndDocument' on input line 262.
Package atveryend Info: Executing hook `AtEndAfterFileList' on input line 262.
Package rerunfilecheck Info: File `main.out' has not changed.
(rerunfilecheck)             Checksum: 16B3C2190A5EBE0B9A83004319641DA0;1443.


LaTeX Font Warning: Some font shapes were not available, defaults substituted.

Package atveryend Info: Empty hook `AtVeryVeryEnd' on input line 262.
runsystem(del main.pyg)...executed.

 ) 
Here is how much of TeX's memory you used:
 17499 strings out of 480875
 299080 string characters out of 5911450
 671510 words of memory out of 5000000
 32639 multiletter control sequences out of 15000+600000
 763397 words of font info for 151 fonts, out of 8000000 for 9000
 1141 hyphenation exceptions out of 8191
 46i,12n,62p,836b,782s stack positions out of 5000i,500n,10000p,200000b,80000s
{c:/texlive/2020/texmf-dist/fonts/enc/dvips/lm/lm-mathsy.enc}{c:/texlive/2020
/texmf-dist/fonts/enc/dvips/lm/lm-mathit.enc}{c:/texlive/2020/texmf-dist/fonts/
enc/dvips/alegreya/algr_nwaz6g.enc}{c:/texlive/2020/texmf-dist/fonts/enc/dvips/
lm/lm-ec.enc}{c:/texlive/2020/texmf-dist/fonts/enc/dvips/alegreya/algr_dfcgiv.e
nc}{c:/texlive/2020/texmf-dist/fonts/enc/dvips/alegreya/algr_fbntfe.enc}<c:/tex
live/2020/texmf-dist/fonts/type1/huerta/alegreya/Alegreya-Bold.pfb><c:/texlive/
2020/texmf-dist/fonts/type1/huerta/alegreya/Alegreya-Italic.pfb><c:/texlive/202
0/texmf-dist/fonts/type1/huerta/alegreya/Alegreya-Regular.pfb><c:/texlive/2020/
texmf-dist/fonts/type1/public/lm/lmmi8.pfb><c:/texlive/2020/texmf-dist/fonts/ty
pe1/public/lm/lmsy10.pfb><c:/texlive/2020/texmf-dist/fonts/type1/public/lm/lmsy
8.pfb><c:/texlive/2020/texmf-dist/fonts/type1/public/lm/lmtcsc10.pfb><c:/texliv
e/2020/texmf-dist/fonts/type1/public/lm/lmtk10.pfb><c:/texlive/2020/texmf-dist/
fonts/type1/public/lm/lmtt10.pfb><c:/texlive/2020/texmf-dist/fonts/type1/public
/lm/lmtt12.pfb><c:/texlive/2020/texmf-dist/fonts/type1/urw/zapfding/uzdr.pfb>
Output written on main.pdf (16 pages, 313686 bytes).
PDF statistics:
 329 PDF objects out of 1000 (max. 8388607)
 297 compressed objects within 3 object streams
 61 named destinations out of 1000 (max. 500000)
 18121 words of extra memory for PDF output out of 20736 (max. 10000000)

